Automated update on Fri Feb 27 19:19:48 UTC 2026
Automated update on Sat Feb 28 09:49:06 UTC 2026
Automated update on Sun Mar  1 09:52:32 UTC 2026
Automated update on Mon Mar  2 10:12:09 UTC 2026
Automated update on Tue Mar  3 10:07:14 UTC 2026
Automated update on Wed Mar  4 10:04:59 UTC 2026
Automated update on Thu Mar  5 10:08:29 UTC 2026
Automated update on Fri Mar  6 10:03:06 UTC 2026
Automated update on Sat Mar  7 09:51:35 UTC 2026
Automated update on Sun Mar  8 09:52:53 UTC 2026
Automated update on Mon Mar  9 10:25:26 UTC 2026
Automated update on Tue Mar 10 10:07:23 UTC 2026
Automated update on Wed Mar 11 10:08:12 UTC 2026
Automated update on Thu Mar 12 10:08:23 UTC 2026
Automated update on Fri Mar 13 10:04:09 UTC 2026
Automated update on Sat Mar 14 09:56:55 UTC 2026
Automated update on Sun Mar 15 09:57:40 UTC 2026
Automated update on Mon Mar 16 10:35:48 UTC 2026
Automated update on Tue Mar 17 10:26:00 UTC 2026
Automated update on Wed Mar 18 10:29:23 UTC 2026
Automated update on Thu Mar 19 10:08:36 UTC 2026
Automated update on Fri Mar 20 10:05:45 UTC 2026
Automated update on Sat Mar 21 09:54:37 UTC 2026
Automated update on Sun Mar 22 09:55:48 UTC 2026
Automated update on Mon Mar 23 10:32:15 UTC 2026
Automated update on Tue Mar 24 10:27:01 UTC 2026
Automated update on Wed Mar 25 10:26:53 UTC 2026
Automated update on Thu Mar 26 10:29:38 UTC 2026
Automated update on Fri Mar 27 10:11:58 UTC 2026
Automated update on Sat Mar 28 10:01:21 UTC 2026
Automated update on Sun Mar 29 10:01:49 UTC 2026
Automated update on Mon Mar 30 10:45:07 UTC 2026
Automated update on Tue Mar 31 10:34:36 UTC 2026
Automated update on Wed Apr  1 10:34:26 UTC 2026
Automated update on Thu Apr  2 10:30:20 UTC 2026
Automated update on Fri Apr  3 10:08:51 UTC 2026
Automated update on Sat Apr  4 10:02:49 UTC 2026
Automated update on Sun Apr  5 10:03:25 UTC 2026
Automated update on Mon Apr  6 10:37:26 UTC 2026
Automated update on Tue Apr  7 10:34:22 UTC 2026
Automated update on Wed Apr  8 10:37:15 UTC 2026
Automated update on Thu Apr  9 10:41:02 UTC 2026
Automated update on Fri Apr 10 10:34:12 UTC 2026
Automated update on Sat Apr 11 10:04:36 UTC 2026
Automated update on Sun Apr 12 10:08:32 UTC 2026
Automated update on Mon Apr 13 11:03:23 UTC 2026
Automated update on Tue Apr 14 10:47:08 UTC 2026
Automated update on Wed Apr 15 10:43:13 UTC 2026
Automated update on Thu Apr 16 10:45:35 UTC 2026
Automated update on Fri Apr 17 10:38:13 UTC 2026
Automated update on Sat Apr 18 10:08:49 UTC 2026
Automated update on Sun Apr 19 10:08:48 UTC 2026
Automated update on Mon Apr 20 11:04:31 UTC 2026
Automated update on Tue Apr 21 10:49:41 UTC 2026
Automated update on Wed Apr 22 10:48:05 UTC 2026
Automated update on Thu Apr 23 10:53:13 UTC 2026
Automated update on Fri Apr 24 10:51:18 UTC 2026
Automated update on Sat Apr 25 10:11:18 UTC 2026
Automated update on Sun Apr 26 10:23:58 UTC 2026
Automated update on Mon Apr 27 11:22:48 UTC 2026
Automated update on Tue Apr 28 11:21:23 UTC 2026
Automated update on Wed Apr 29 11:15:28 UTC 2026
Automated update on Thu Apr 30 11:14:25 UTC 2026
Automated update on Fri May  1 10:52:38 UTC 2026
Automated update on Sat May  2 10:28:36 UTC 2026
Automated update on Sun May  3 10:31:58 UTC 2026
Automated update on Mon May  4 11:22:37 UTC 2026
Automated update on Tue May  5 11:02:15 UTC 2026
Automated update on Wed May  6 11:25:21 UTC 2026
Automated update on Thu May  7 11:27:21 UTC 2026
Automated update on Fri May  8 10:53:54 UTC 2026
Automated update on Sat May  9 10:32:22 UTC 2026
Automated update on Sun May 10 10:46:16 UTC 2026
Automated update on Mon May 11 12:27:44 UTC 2026
Automated update on Tue May 12 11:30:40 UTC 2026
Automated update on Wed May 13 11:40:04 UTC 2026
Automated update on Thu May 14 11:26:32 UTC 2026
Automated update on Fri May 15 11:33:56 UTC 2026
Automated update on Sat May 16 10:45:41 UTC 2026
Automated update on Sun May 17 10:51:15 UTC 2026
Automated update on Mon May 18 12:50:36 UTC 2026
Automated update on Tue May 19 12:25:22 UTC 2026
Automated update on Wed May 20 12:07:22 UTC 2026
Automated update on Thu May 21 12:30:55 UTC 2026
Automated update on Fri May 22 12:04:25 UTC 2026
Automated update on Sat May 23 10:54:16 UTC 2026
Automated update on Sun May 24 10:55:32 UTC 2026
Automated update on Mon May 25 12:49:05 UTC 2026
Automated update on Thu May 28 12:48:29 UTC 2026
Automated update on Fri May 29 12:32:46 UTC 2026
Automated update on Sat May 30 10:58:52 UTC 2026
Automated update on Sun May 31 11:16:18 UTC 2026
Automated update on Mon Jun  1 15:40:10 UTC 2026
Automated update on Tue Jun  2 12:56:09 UTC 2026
Automated update on Wed Jun  3 14:12:47 UTC 2026
Automated update on Thu Jun  4 12:29:38 UTC 2026
Automated update on Fri Jun  5 12:22:24 UTC 2026
Automated update on Sat Jun  6 11:04:46 UTC 2026
Automated update on Sun Jun  7 11:19:41 UTC 2026
Automated update on Mon Jun  8 13:49:54 UTC 2026
Automated update on Tue Jun  9 12:21:56 UTC 2026
Automated update on Wed Jun 10 12:43:27 UTC 2026
Automated update on Thu Jun 11 13:01:21 UTC 2026
Automated update on Fri Jun 12 12:41:57 UTC 2026
Automated update on Sat Jun 13 11:28:22 UTC 2026
Automated update on Sun Jun 14 11:39:01 UTC 2026
Automated update on Mon Jun 15 15:27:14 UTC 2026
Automated update on Tue Jun 16 14:30:11 UTC 2026
Automated update on Wed Jun 17 13:00:47 UTC 2026
Automated update on Thu Jun 18 12:36:57 UTC 2026
Automated update on Fri Jun 19 12:59:05 UTC 2026
Automated update on Sat Jun 20 11:29:57 UTC 2026
Automated update on Sun Jun 21 11:59:34 UTC 2026
Automated update on Mon Jun 22 15:04:34 UTC 2026
Automated update on Tue Jun 23 12:21:17 UTC 2026
Automated update on Wed Jun 24 12:05:37 UTC 2026
Automated update on Thu Jun 25 12:01:32 UTC 2026
Automated update on Fri Jun 26 11:58:36 UTC 2026
